[0.026s] Invoking command in '/home/user/robot_arm_ws/build/robot_arm': DEBUGINFOD_URLS=https://debuginfod.ubuntu.com /usr/bin/cmake --build /home/user/robot_arm_ws/build/robot_arm -- -j16 -l16
[0.069s] -- Found ament_cmake: 2.5.4 (/opt/ros/jazzy/share/ament_cmake/cmake)
[0.371s] -- Found urdf: 2.10.0 (/opt/ros/jazzy/share/urdf/cmake)
[0.413s] -- Found TinyXML2 via Config file: /usr/lib/x86_64-linux-gnu/cmake/tinyxml2
[0.418s] -- Found xacro: 2.0.13 (/opt/ros/jazzy/share/xacro/cmake)
[0.418s] -- Found rviz2: 14.1.10 (/opt/ros/jazzy/share/rviz2/cmake)
[0.418s] -- Found ros_gz_sim: 1.0.11 (/opt/ros/jazzy/share/ros_gz_sim/cmake)
[0.448s] -- Found rosidl_generator_c: 4.6.5 (/opt/ros/jazzy/share/rosidl_generator_c/cmake)
[0.464s] -- Found rosidl_generator_cpp: 4.6.5 (/opt/ros/jazzy/share/rosidl_generator_cpp/cmake)
[0.479s] -- Using all available rosidl_typesupport_c: rosidl_typesupport_fastrtps_c;rosidl_typesupport_introspection_c
[0.494s] -- Using all available rosidl_typesupport_cpp: rosidl_typesupport_fastrtps_cpp;rosidl_typesupport_introspection_cpp
[0.573s] -- Found rmw_implementation_cmake: 7.3.2 (/opt/ros/jazzy/share/rmw_implementation_cmake/cmake)
[0.577s] -- Found rmw_fastrtps_cpp: 8.4.2 (/opt/ros/jazzy/share/rmw_fastrtps_cpp/cmake)
[0.597s] -- Found TinyXML2 via Config file: /usr/lib/x86_64-linux-gnu/cmake/tinyxml2
[0.610s] -- Found TinyXML2 via Config file: /usr/lib/x86_64-linux-gnu/cmake/tinyxml2
[0.638s] -- Found TinyXML2 via Config file: /usr/lib/x86_64-linux-gnu/cmake/tinyxml2
[0.649s] -- Found TinyXML2 via Config file: /usr/lib/x86_64-linux-gnu/cmake/tinyxml2
[0.671s] -- Using RMW implementation 'rmw_fastrtps_cpp' as default
[0.746s] -- Found ros2_control: 4.28.1 (/opt/ros/jazzy/share/ros2_control/cmake)
[0.746s] -- Found ros2_controllers: 4.23.0 (/opt/ros/jazzy/share/ros2_controllers/cmake)
[0.746s] -- Found ament_lint_auto: 0.17.2 (/opt/ros/jazzy/share/ament_lint_auto/cmake)
[0.838s] Error parsing '/home/user/robot_arm_ws/src/robot_arm/package.xml':
[2.253s] Traceback (most recent call last):
[2.253s]   File "/opt/ros/jazzy/share/ament_cmake_core/cmake/core/package_xml_2_cmake.py", line 150, in <module>
[2.253s]     main()
[2.253s]   File "/opt/ros/jazzy/share/ament_cmake_core/cmake/core/package_xml_2_cmake.py", line 53, in main
[2.253s]     raise e
[2.253s]   File "/opt/ros/jazzy/share/ament_cmake_core/cmake/core/package_xml_2_cmake.py", line 49, in main
[2.253s]     package = parse_package_string(
[2.253s]               ^^^^^^^^^^^^^^^^^^^^^
[2.254s]   File "/usr/lib/python3/dist-packages/catkin_pkg/package.py", line 786, in parse_package_string
[2.254s]     raise InvalidPackage('Error(s):%s' % (''.join(['\n- %s' % e for e in errors])), filename)
[2.254s] catkin_pkg.package.InvalidPackage: Error(s) in package '/home/user/robot_arm_ws/src/robot_arm/package.xml':
[2.254s] Error(s):
[2.254s] - The generic dependency on 'trajectory_msgs' is redundant with: build_depend, build_export_depend, exec_depend
[2.307s] [31mCMake Error at /opt/ros/jazzy/share/ament_cmake_core/cmake/core/ament_package_xml.cmake:95 (message):
[2.307s]   execute_process(/usr/bin/python3
[2.307s]   /opt/ros/jazzy/share/ament_cmake_core/cmake/core/package_xml_2_cmake.py
[2.307s]   /home/user/robot_arm_ws/src/robot_arm/package.xml
[2.307s]   /home/user/robot_arm_ws/build/robot_arm/ament_cmake_core/package.cmake)
[2.308s]   returned error code 1
[2.308s] Call Stack (most recent call first):
[2.308s]   /opt/ros/jazzy/share/ament_cmake_core/cmake/core/ament_package_xml.cmake:49 (_ament_package_xml)
[2.308s]   /opt/ros/jazzy/share/ament_lint_auto/cmake/ament_lint_auto_find_test_dependencies.cmake:31 (ament_package_xml)
[2.308s]   CMakeLists.txt:44 (ament_lint_auto_find_test_dependencies)
[2.308s] 
[2.308s] [0m
[2.308s] -- Configuring incomplete, errors occurred!
[2.318s] gmake: *** [Makefile:226: cmake_check_build_system] Error 1
[2.320s] Invoked command in '/home/user/robot_arm_ws/build/robot_arm' returned '2': DEBUGINFOD_URLS=https://debuginfod.ubuntu.com /usr/bin/cmake --build /home/user/robot_arm_ws/build/robot_arm -- -j16 -l16
